<?xml version="1.0" encoding="UTF-8"?>
<!-- Generated by org.testng.reporters.JUnitReportReporter -->
<testsuite skipped="0" hostname="DESKTOP-VRP1FEM" name="tests.UserRegistrationTest" tests="1" failures="0" timestamp="2020-06-24T14:12:25 EET" time="5.025" errors="0">
  <testcase name="userRegisterSuccessfully" time="5.025" classname="tests.UserRegistrationTest"/>
  <system-out/>
</testsuite> <!-- tests.UserRegistrationTest -->
