<?xml version="1.0" encoding="UTF-8"?>
<!-- Generated by org.testng.reporters.JUnitReportReporter -->
<testsuite skipped="0" hostname="DESKTOP-VRP1FEM" name="tests.UserRegistrationWithJavaFakerLib" tests="1" failures="0" timestamp="2020-07-14T13:43:47 EET" time="23.959" errors="0">
  <testcase name="userRegisterSuccessfully" time="23.959" classname="tests.UserRegistrationWithJavaFakerLib"/>
  <system-out/>
</testsuite> <!-- tests.UserRegistrationWithJavaFakerLib -->
