<?xml version="1.0" encoding="UTF-8"?>
<!-- Generated by org.testng.reporters.JUnitReportReporter -->
<testsuite skipped="0" hostname="DESKTOP-VRP1FEM" name="tests.SearchForProductUsingAutoSuggest" tests="1" failures="0" timestamp="2020-07-15T15:00:52 EET" time="4.826" errors="0">
  <testcase name="userSearchForProduct" time="4.826" classname="tests.SearchForProductUsingAutoSuggest"/>
  <system-out/>
</testsuite> <!-- tests.SearchForProductUsingAutoSuggest -->
