<?xml version="1.0" encoding="UTF-8"?>
<!-- Generated by org.testng.reporters.JUnitReportReporter -->
<testsuite skipped="0" hostname="DESKTOP-VRP1FEM" name="tests.ProductHoverMenuTest" tests="1" failures="0" timestamp="2020-07-15T15:00:52 EET" time="1.331" errors="0">
  <testcase name="userUseApparelMenuSubMenu" time="1.331" classname="tests.ProductHoverMenuTest"/>
  <system-out/>
</testsuite> <!-- tests.ProductHoverMenuTest -->
