<?xml version="1.0" encoding="UTF-8"?>
<!-- Generated by org.testng.reporters.JUnitReportReporter -->
<testsuite skipped="0" hostname="DESKTOP-VRP1FEM" name="tests.SearchTest" tests="1" failures="0" timestamp="2020-07-15T15:00:51 EET" time="3.117" errors="0">
  <testcase name="userSearchForProduct" time="3.117" classname="tests.SearchTest"/>
  <system-out/>
</testsuite> <!-- tests.SearchTest -->
